[ 2017-09-20T14:55:53+08:00 ] ::1 /thinkphp3.2.3/index.php/Category/index.html
ERR: 无法加载模块:Category

[ 2017-09-20T14:56:05+08:00 ] ::1 /thinkphp3.2.3/index.php/Traincourse/index.html
ERR: 无法加载模块:Traincourse

[ 2017-09-20T14:57:29+08:00 ] ::1 /thinkphp3.2.3/index.php/Ambnews/index.html
ERR: 无法加载模块:Ambnews

[ 2017-09-20T15:00:40+08:00 ] ::1 /thinkphp3.2.3/index.php/Incourse/add.html
ERR: 无法加载模块:Incourse

[ 2017-09-20T15:04:33+08:00 ] ::1 /thinkphp3.2.3/index.php/Traincourse/index.html
ERR: 无法加载模块:Traincourse

[ 2017-09-20T15:43:04+08:00 ] ::1 /thinkphp3.2.3/Public/Home/themes/default/default.css
ERR: 无法加载模块:Public

[ 2017-09-20T15:43:04+08:00 ] ::1 /thinkphp3.2.3/Public/Home/plugins/code/prettify.css
ERR: 无法加载模块:Public

[ 2017-09-20T15:43:04+08:00 ] ::1 /thinkphp3.2.3/Public/Home/js/kindeditor-all.js
ERR: 无法加载模块:Public

[ 2017-09-20T15:43:04+08:00 ] ::1 /thinkphp3.2.3/Public/Home/js/zh-CN.js
ERR: 无法加载模块:Public

[ 2017-09-20T15:43:04+08:00 ] ::1 /thinkphp3.2.3/Public/Home/plugins/code/prettify.js
ERR: 无法加载模块:Public

[ 2017-09-20T15:45:59+08:00 ] ::1 /thinkphp3.2.3/Public/Home/js/zh-CN.js
ERR: 无法加载模块:Public

[ 2017-09-20T15:45:59+08:00 ] ::1 /thinkphp3.2.3/Public/Home/js/zh-CN.js
ERR: 无法加载模块:Public

[ 2017-09-20T15:45:59+08:00 ] ::1 /thinkphp3.2.3/Public/Home/js/themes/default/default.css
ERR: 无法加载模块:Public

[ 2017-09-20T15:46:08+08:00 ] ::1 /thinkphp3.2.3/Public/Home/js/zh-CN.js
ERR: 无法加载模块:Public

[ 2017-09-20T15:46:08+08:00 ] ::1 /thinkphp3.2.3/Public/Home/js/themes/default/default.css
ERR: 无法加载模块:Public

[ 2017-09-20T15:46:14+08:00 ] ::1 /thinkphp3.2.3/Public/Home/js/zh-CN.js
ERR: 无法加载模块:Public

[ 2017-09-20T15:46:14+08:00 ] ::1 /thinkphp3.2.3/Public/Home/js/themes/default/default.css
ERR: 无法加载模块:Public

[ 2017-09-20T15:47:53+08:00 ] ::1 /thinkphp3.2.3/Public/Home/js/zh-CN.js
ERR: 无法加载模块:Public

[ 2017-09-20T15:47:53+08:00 ] ::1 /thinkphp3.2.3/Public/Home/js/themes/default/default.css
ERR: 无法加载模块:Public

[ 2017-09-20T15:48:00+08:00 ] ::1 /thinkphp3.2.3/Public/Home/js/zh-CN.js
ERR: 无法加载模块:Public

[ 2017-09-20T15:48:00+08:00 ] ::1 /thinkphp3.2.3/Public/Home/js/themes/default/default.css
ERR: 无法加载模块:Public

[ 2017-09-20T15:48:20+08:00 ] ::1 /thinkphp3.2.3/Public/Home/js/zh-CN.js
ERR: 无法加载模块:Public

[ 2017-09-20T15:48:21+08:00 ] ::1 /thinkphp3.2.3/Public/Home/js/themes/default/default.css
ERR: 无法加载模块:Public

[ 2017-09-20T15:48:54+08:00 ] ::1 /thinkphp3.2.3/Public/Home/js/zh-CN.js
ERR: 无法加载模块:Public

[ 2017-09-20T15:48:54+08:00 ] ::1 /thinkphp3.2.3/Public/Home/js/themes/default/default.css
ERR: 无法加载模块:Public

[ 2017-09-20T15:48:59+08:00 ] ::1 /thinkphp3.2.3/Public/Home/js/zh-CN.js
ERR: 无法加载模块:Public

[ 2017-09-20T15:49:13+08:00 ] ::1 /thinkphp3.2.3/Public/Home/js/zh-CN.js
ERR: 无法加载模块:Public

[ 2017-09-20T15:50:39+08:00 ] ::1 /thinkphp3.2.3/Public/Home/js/zh-CN.js
ERR: 无法加载模块:Public

[ 2017-09-20T15:50:39+08:00 ] ::1 /thinkphp3.2.3/Public/Home/js/themes/default/default.css
ERR: 无法加载模块:Public

[ 2017-09-20T15:50:48+08:00 ] ::1 /thinkphp3.2.3/Public/Home/js/zh-CN.js
ERR: 无法加载模块:Public

[ 2017-09-20T15:54:49+08:00 ] ::1 /thinkphp3.2.3/Public/Home/js/zh-CN.js
ERR: 无法加载模块:Public

[ 2017-09-20T15:54:49+08:00 ] ::1 /thinkphp3.2.3/Public/Home/js/themes/default/default.css
ERR: 无法加载模块:Public

[ 2017-09-20T15:55:04+08:00 ] ::1 /thinkphp3.2.3/Public/Home/js/zh-CN.js
ERR: 无法加载模块:Public

[ 2017-09-20T15:59:51+08:00 ] ::1 /thinkphp3.2.3/Public/Home/js/zh-CN.js
ERR: 无法加载模块:Public

[ 2017-09-20T15:59:51+08:00 ] ::1 /thinkphp3.2.3/Public/Home/js/themes/default/default.css
ERR: 无法加载模块:Public

[ 2017-09-20T16:00:04+08:00 ] ::1 /thinkphp3.2.3/Public/Home/js/zh-CN.js
ERR: 无法加载模块:Public

[ 2017-09-20T16:05:32+08:00 ] ::1 /thinkphp3.2.3/Public/Home/js/zh-CN.js
ERR: 无法加载模块:Public

[ 2017-09-20T16:05:33+08:00 ] ::1 /thinkphp3.2.3/Public/Home/js/themes/default/default.css
ERR: 无法加载模块:Public

[ 2017-09-20T16:05:46+08:00 ] ::1 /thinkphp3.2.3/Public/Home/js/zh-CN.js
ERR: 无法加载模块:Public

[ 2017-09-20T16:06:22+08:00 ] ::1 /thinkphp3.2.3/Public/Home/js/zh-CN.js
ERR: 无法加载模块:Public

[ 2017-09-20T16:06:23+08:00 ] ::1 /thinkphp3.2.3/Public/Home/js/themes/default/default.css
ERR: 无法加载模块:Public

[ 2017-09-20T16:07:33+08:00 ] ::1 /thinkphp3.2.3/Public/Home/js/zh-CN.js
ERR: 无法加载模块:Public

[ 2017-09-20T16:07:33+08:00 ] ::1 /thinkphp3.2.3/Public/Home/js/themes/default/default.css
ERR: 无法加载模块:Public

[ 2017-09-20T16:07:45+08:00 ] ::1 /thinkphp3.2.3/Public/Home/js/zh-CN.js
ERR: 无法加载模块:Public

[ 2017-09-20T16:09:01+08:00 ] ::1 /thinkphp3.2.3/Public/Home/js/zh-CN.js
ERR: 无法加载模块:Public

[ 2017-09-20T16:09:01+08:00 ] ::1 /thinkphp3.2.3/Public/Home/js/themes/default/default.css
ERR: 无法加载模块:Public

[ 2017-09-20T16:10:51+08:00 ] ::1 /thinkphp3.2.3/Public/Home/js/zh-CN.js
ERR: 无法加载模块:Public

[ 2017-09-20T16:10:51+08:00 ] ::1 /thinkphp3.2.3/Public/Home/js/themes/default/default.css
ERR: 无法加载模块:Public

[ 2017-09-20T16:11:10+08:00 ] ::1 /thinkphp3.2.3/Public/Home/js/zh-CN.js
ERR: 无法加载模块:Public

[ 2017-09-20T16:11:13+08:00 ] ::1 /thinkphp3.2.3/Public/Home/js/zh-CN.js
ERR: 无法加载模块:Public

[ 2017-09-20T16:11:13+08:00 ] ::1 /thinkphp3.2.3/Public/Home/js/themes/default/default.css
ERR: 无法加载模块:Public

[ 2017-09-20T16:23:53+08:00 ] ::1 /thinkphp3.2.3/Public/Home/js/zh-CN.js
ERR: 无法加载模块:Public

[ 2017-09-20T16:24:06+08:00 ] ::1 /thinkphp3.2.3/Public/Home/js/zh-CN.js
ERR: 无法加载模块:Public

[ 2017-09-20T16:24:16+08:00 ] ::1 /thinkphp3.2.3/Public/Home/js/zh-CN.js
ERR: 无法加载模块:Public

[ 2017-09-20T16:29:44+08:00 ] ::1 /thinkphp3.2.3/Public/Home/js/zh-CN.js
ERR: 无法加载模块:Public

[ 2017-09-20T16:29:44+08:00 ] ::1 /thinkphp3.2.3/Public/Home/js/themes/default/default.css
ERR: 无法加载模块:Public

[ 2017-09-20T16:29:49+08:00 ] ::1 /thinkphp3.2.3/index.php/Category/index.html
ERR: 无法加载模块:Category

[ 2017-09-20T16:30:35+08:00 ] ::1 /thinkphp3.2.3/index.php/Category/index.html
ERR: 无法加载模块:Category

[ 2017-09-20T16:30:37+08:00 ] ::1 /thinkphp3.2.3/Public/Home/js/zh-CN.js
ERR: 无法加载模块:Public

[ 2017-09-20T16:30:38+08:00 ] ::1 /thinkphp3.2.3/Public/Home/js/zh-CN.js
ERR: 无法加载模块:Public

[ 2017-09-20T16:30:39+08:00 ] ::1 /thinkphp3.2.3/Public/Home/js/themes/default/default.css
ERR: 无法加载模块:Public

[ 2017-09-20T16:30:39+08:00 ] ::1 /thinkphp3.2.3/Public/Home/js/zh-CN.js
ERR: 无法加载模块:Public

[ 2017-09-20T16:30:39+08:00 ] ::1 /thinkphp3.2.3/Public/Home/js/themes/default/default.css
ERR: 无法加载模块:Public

[ 2017-09-20T16:30:50+08:00 ] ::1 /thinkphp3.2.3/Public/Home/js/zh-CN.js
ERR: 无法加载模块:Public

[ 2017-09-20T16:30:50+08:00 ] ::1 /thinkphp3.2.3/Public/Home/js/themes/default/default.css
ERR: 无法加载模块:Public

[ 2017-09-20T16:34:32+08:00 ] ::1 /thinkphp3.2.3/Public/Home/imgs/pull_up.png
ERR: 无法加载模块:Public

[ 2017-09-20T16:34:32+08:00 ] ::1 /thinkphp3.2.3/Public/Home/imgs/telephone.png
ERR: 无法加载模块:Public

[ 2017-09-20T16:35:00+08:00 ] ::1 /thinkphp3.2.3/Public/Home/imgs/telephone.png
ERR: 无法加载模块:Public

[ 2017-09-20T16:35:00+08:00 ] ::1 /thinkphp3.2.3/Public/Home/imgs/pull_up.png
ERR: 无法加载模块:Public

[ 2017-09-20T16:35:05+08:00 ] ::1 /thinkphp3.2.3/Public/Home/imgs/telephone.png
ERR: 无法加载模块:Public

[ 2017-09-20T16:35:05+08:00 ] ::1 /thinkphp3.2.3/Public/Home/imgs/pull_up.png
ERR: 无法加载模块:Public

[ 2017-09-20T16:35:05+08:00 ] ::1 /thinkphp3.2.3/Public/Home/imgs/amiba-book.jpg
ERR: 无法加载模块:Public

[ 2017-09-20T16:35:05+08:00 ] ::1 /thinkphp3.2.3/Public/Home/imgs/hofu.jpg
ERR: 无法加载模块:Public

[ 2017-09-20T16:35:06+08:00 ] ::1 /thinkphp3.2.3/Public/Home/imgs/pull_up.png
ERR: 无法加载模块:Public

[ 2017-09-20T16:35:06+08:00 ] ::1 /thinkphp3.2.3/Public/Home/imgs/telephone.png
ERR: 无法加载模块:Public

[ 2017-09-20T16:35:08+08:00 ] ::1 /thinkphp3.2.3/Public/Home/imgs/telephone.png
ERR: 无法加载模块:Public

[ 2017-09-20T16:35:08+08:00 ] ::1 /thinkphp3.2.3/Public/Home/imgs/pull_up.png
ERR: 无法加载模块:Public

[ 2017-09-20T16:35:09+08:00 ] ::1 /thinkphp3.2.3/Public/Home/imgs/pull_up.png
ERR: 无法加载模块:Public

[ 2017-09-20T16:35:09+08:00 ] ::1 /thinkphp3.2.3/Public/Home/imgs/telephone.png
ERR: 无法加载模块:Public

[ 2017-09-20T16:35:09+08:00 ] ::1 /thinkphp3.2.3/Public/Home/imgs/pull_up.png
ERR: 无法加载模块:Public

[ 2017-09-20T16:35:10+08:00 ] ::1 /thinkphp3.2.3/Public/Home/imgs/telephone.png
ERR: 无法加载模块:Public

[ 2017-09-20T16:38:30+08:00 ] ::1 /thinkphp3.2.3/Public/Home/js/zh-CN.js
ERR: 无法加载模块:Public

[ 2017-09-20T16:38:30+08:00 ] ::1 /thinkphp3.2.3/Public/Home/js/themes/default/default.css
ERR: 无法加载模块:Public

[ 2017-09-20T16:39:49+08:00 ] ::1 /thinkphp3.2.3/Public/Home/js/zh-CN.js
ERR: 无法加载模块:Public

[ 2017-09-20T16:39:49+08:00 ] ::1 /thinkphp3.2.3/Public/Home/js/themes/default/default.css
ERR: 无法加载模块:Public

[ 2017-09-20T16:39:53+08:00 ] ::1 /thinkphp3.2.3/Public/Home/js/zh-CN.js
ERR: 无法加载模块:Public

[ 2017-09-20T16:39:53+08:00 ] ::1 /thinkphp3.2.3/Public/Home/js/themes/default/default.css
ERR: 无法加载模块:Public

[ 2017-09-20T16:40:18+08:00 ] ::1 /thinkphp3.2.3/Public/Home/js/zh-CN.js
ERR: 无法加载模块:Public

[ 2017-09-20T16:40:19+08:00 ] ::1 /thinkphp3.2.3/Public/Home/js/themes/default/default.css
ERR: 无法加载模块:Public

[ 2017-09-20T16:40:33+08:00 ] ::1 /thinkphp3.2.3/Public/Home/js/zh-CN.js
ERR: 无法加载模块:Public

[ 2017-09-20T16:40:33+08:00 ] ::1 /thinkphp3.2.3/Public/Home/js/themes/default/default.css
ERR: 无法加载模块:Public

[ 2017-09-20T16:42:36+08:00 ] ::1 /thinkphp3.2.3/Public/Home/js/zh-CN.js
ERR: 无法加载模块:Public

[ 2017-09-20T16:42:36+08:00 ] ::1 /thinkphp3.2.3/Public/Home/js/themes/default/default.css
ERR: 无法加载模块:Public

[ 2017-09-20T16:42:42+08:00 ] ::1 /thinkphp3.2.3/Public/Home/js/zh-CN.js
ERR: 无法加载模块:Public

[ 2017-09-20T16:42:46+08:00 ] ::1 /thinkphp3.2.3/Public/Home/js/zh-CN.js
ERR: 无法加载模块:Public

[ 2017-09-20T16:42:46+08:00 ] ::1 /thinkphp3.2.3/Public/Home/js/themes/default/default.css
ERR: 无法加载模块:Public

[ 2017-09-20T16:43:53+08:00 ] ::1 /thinkphp3.2.3/Public/Home/js/zh-CN.js
ERR: 无法加载模块:Public

[ 2017-09-20T16:44:06+08:00 ] ::1 /thinkphp3.2.3/Public/Home/js/zh-CN.js
ERR: 无法加载模块:Public

[ 2017-09-20T16:44:38+08:00 ] ::1 /thinkphp3.2.3/Public/Home/js/zh-CN.js
ERR: 无法加载模块:Public

[ 2017-09-20T16:44:57+08:00 ] ::1 /thinkphp3.2.3/Public/Home/js/zh-CN.js
ERR: 无法加载模块:Public

[ 2017-09-20T16:52:22+08:00 ] ::1 /thinkphp3.2.3/Public/Home/js/zh-CN.js
ERR: 无法加载模块:Public

[ 2017-09-20T16:52:26+08:00 ] ::1 /thinkphp3.2.3/Public/Home/js/zh-CN.js
ERR: 无法加载模块:Public

[ 2017-09-20T16:52:26+08:00 ] ::1 /thinkphp3.2.3/Public/Home/js/themes/default/default.css
ERR: 无法加载模块:Public

[ 2017-09-20T16:56:42+08:00 ] ::1 /thinkphp3.2.3/Public/Home/js/zh-CN.js
ERR: 无法加载模块:Public

[ 2017-09-20T16:56:42+08:00 ] ::1 /thinkphp3.2.3/Public/Home/js/themes/default/default.css
ERR: 无法加载模块:Public

[ 2017-09-20T16:57:21+08:00 ] ::1 /thinkphp3.2.3/Public/Home/js/zh-CN.js
ERR: 无法加载模块:Public

[ 2017-09-20T16:57:28+08:00 ] ::1 /thinkphp3.2.3/Public/Home/js/zh-CN.js
ERR: 无法加载模块:Public

[ 2017-09-20T16:58:42+08:00 ] ::1 /thinkphp3.2.3/Public/Home/js/zh-CN.js
ERR: 无法加载模块:Public

[ 2017-09-20T16:58:42+08:00 ] ::1 /thinkphp3.2.3/Public/Home/js/themes/default/default.css
ERR: 无法加载模块:Public

[ 2017-09-20T17:00:00+08:00 ] ::1 /thinkphp3.2.3/Public/Home/js/zh-CN.js
ERR: 无法加载模块:Public

[ 2017-09-20T17:00:00+08:00 ] ::1 /thinkphp3.2.3/Public/Home/js/themes/default/default.css
ERR: 无法加载模块:Public

[ 2017-09-20T17:00:04+08:00 ] ::1 /thinkphp3.2.3/Public/Home/js/zh-CN.js
ERR: 无法加载模块:Public

[ 2017-09-20T17:00:09+08:00 ] ::1 /thinkphp3.2.3/Public/Home/js/zh-CN.js
ERR: 无法加载模块:Public

[ 2017-09-20T17:24:31+08:00 ] ::1 /thinkphp3.2.3/Public/Upload/2016-11-06/581ebddb80d6e.png
ERR: 无法加载模块:Public

[ 2017-09-20T17:26:34+08:00 ] ::1 /thinkphp3.2.3/Public/Home/js/zh-CN.js
ERR: 无法加载模块:Public

[ 2017-09-20T17:26:34+08:00 ] ::1 /thinkphp3.2.3/Public/Home/js/themes/default/default.css
ERR: 无法加载模块:Public

[ 2017-09-20T17:29:19+08:00 ] ::1 /thinkphp3.2.3/Public/Home/js/plugins/image/images/refresh.png
ERR: 无法加载模块:Public

[ 2017-09-20T17:29:19+08:00 ] ::1 /thinkphp3.2.3/Public/Home/js/plugins/image/images/align_right.gif
ERR: 无法加载模块:Public

[ 2017-09-20T17:29:19+08:00 ] ::1 /thinkphp3.2.3/Public/Home/js/plugins/image/images/align_left.gif
ERR: 无法加载模块:Public

[ 2017-09-20T17:29:19+08:00 ] ::1 /thinkphp3.2.3/Public/Home/js/plugins/image/images/align_top.gif
ERR: 无法加载模块:Public

[ 2017-09-20T17:29:26+08:00 ] ::1 /thinkphp3.2.3/Public/Home/js/plugins/image/images/align_right.gif
ERR: 无法加载模块:Public

[ 2017-09-20T17:29:26+08:00 ] ::1 /thinkphp3.2.3/Public/Home/js/plugins/image/images/refresh.png
ERR: 无法加载模块:Public

[ 2017-09-20T17:29:26+08:00 ] ::1 /thinkphp3.2.3/Public/Home/js/plugins/image/images/align_top.gif
ERR: 无法加载模块:Public

[ 2017-09-20T17:29:26+08:00 ] ::1 /thinkphp3.2.3/Public/Home/js/plugins/image/images/align_left.gif
ERR: 无法加载模块:Public

[ 2017-09-20T17:34:30+08:00 ] ::1 /thinkphp3.2.3/Public/Home/js/zh-CN.js
ERR: 无法加载模块:Public

[ 2017-09-20T17:34:31+08:00 ] ::1 /thinkphp3.2.3/Public/Home/js/themes/default/default.css
ERR: 无法加载模块:Public

[ 2017-09-20T17:35:56+08:00 ] ::1 /thinkphp3.2.3/Public/Home/js/plugins/image/images/refresh.png
ERR: 无法加载模块:Public

[ 2017-09-20T17:35:56+08:00 ] ::1 /thinkphp3.2.3/Public/Home/js/plugins/image/images/align_left.gif
ERR: 无法加载模块:Public

[ 2017-09-20T17:35:56+08:00 ] ::1 /thinkphp3.2.3/Public/Home/js/plugins/image/images/align_right.gif
ERR: 无法加载模块:Public

[ 2017-09-20T17:35:56+08:00 ] ::1 /thinkphp3.2.3/Public/Home/js/plugins/image/images/align_top.gif
ERR: 无法加载模块:Public

[ 2017-09-20T17:37:19+08:00 ] ::1 /thinkphp3.2.3/Public/Home/js/plugins/image/images/align_left.gif
ERR: 无法加载模块:Public

[ 2017-09-20T17:37:19+08:00 ] ::1 /thinkphp3.2.3/Public/Home/js/plugins/image/images/refresh.png
ERR: 无法加载模块:Public

[ 2017-09-20T17:37:19+08:00 ] ::1 /thinkphp3.2.3/Public/Home/js/plugins/image/images/align_top.gif
ERR: 无法加载模块:Public

[ 2017-09-20T17:37:19+08:00 ] ::1 /thinkphp3.2.3/Public/Home/js/plugins/image/images/align_right.gif
ERR: 无法加载模块:Public

[ 2017-09-20T17:38:47+08:00 ] ::1 /thinkphp3.2.3/Public/Home/js/plugins/image/images/refresh.png
ERR: 无法加载模块:Public



[ 2017-09-20T17:38:47+08:00 ] ::1 /thinkphp3.2.3/Public/Home/js/plugins/image/images/align_top.gif
ERR: 无法加载模块:Public

[ 2017-09-20T17:38:47+08:00 ] ::1 /thinkphp3.2.3/Public/Home/js/plugins/image/images/align_right.gif
ERR: 无法加载模块:Public

[ 2017-09-20T17:38:53+08:00 ] ::1 /thinkphp3.2.3/Public/attached/image/20170920/20170920093853_90798.png
ERR: 无法加载模块:Public

[ 2017-09-20T17:46:21+08:00 ] ::1 /thinkphp3.2.3/Public/Home/js/plugins/image/images/refresh.png
ERR: 无法加载模块:Public

[ 2017-09-20T17:46:21+08:00 ] ::1 /thinkphp3.2.3/Public/Home/js/plugins/image/images/align_top.gif
ERR: 无法加载模块:Public

[ 2017-09-20T17:46:21+08:00 ] ::1 /thinkphp3.2.3/Public/Home/js/plugins/image/images/align_right.gif
ERR: 无法加载模块:Public

[ 2017-09-20T17:46:21+08:00 ] ::1 /thinkphp3.2.3/Public/Home/js/plugins/image/images/align_left.gif
ERR: 无法加载模块:Public

[ 2017-09-20T17:58:23+08:00 ] ::1 /thinkphp3.2.3/Public/Home/js/zh-CN.js
ERR: 无法加载模块:Public

[ 2017-09-20T17:58:23+08:00 ] ::1 /thinkphp3.2.3/Public/Home/js/themes/default/default.css
ERR: 无法加载模块:Public

[ 2017-09-20T17:58:26+08:00 ] ::1 /thinkphp3.2.3/Public/Home/js/plugins/image/images/align_top.gif
ERR: 无法加载模块:Public

[ 2017-09-20T17:58:26+08:00 ] ::1 /thinkphp3.2.3/Public/Home/js/plugins/image/images/align_left.gif
ERR: 无法加载模块:Public

[ 2017-09-20T17:58:26+08:00 ] ::1 /thinkphp3.2.3/Public/Home/js/plugins/image/images/refresh.png
ERR: 无法加载模块:Public

[ 2017-09-20T17:58:26+08:00 ] ::1 /thinkphp3.2.3/Public/Home/js/plugins/image/images/align_right.gif
ERR: 无法加载模块:Public

[ 2017-09-20T18:47:36+08:00 ] ::1 /thinkphp3.2.3/Public/Home/js/zh-CN.js
ERR: 无法加载模块:Public

[ 2017-09-20T18:47:36+08:00 ] ::1 /thinkphp3.2.3/Public/Home/js/themes/default/default.css
ERR: 无法加载模块:Public

[ 2017-09-20T18:47:38+08:00 ] ::1 /thinkphp3.2.3/Public/Home/js/plugins/image/images/refresh.png
ERR: 无法加载模块:Public

[ 2017-09-20T18:47:38+08:00 ] ::1 /thinkphp3.2.3/Public/Home/js/plugins/image/images/align_top.gif
ERR: 无法加载模块:Public

[ 2017-09-20T18:47:38+08:00 ] ::1 /thinkphp3.2.3/Public/Home/js/plugins/image/images/align_left.gif
ERR: 无法加载模块:Public

[ 2017-09-20T18:47:38+08:00 ] ::1 /thinkphp3.2.3/Public/Home/js/plugins/image/images/align_right.gif
ERR: 无法加载模块:Public

[ 2017-09-20T19:13:52+08:00 ] ::1 /thinkphp3.2.3/Public/Home/js/zh-CN.js
ERR: 无法加载模块:Public

[ 2017-09-20T19:13:52+08:00 ] ::1 /thinkphp3.2.3/Public/Home/js/themes/default/default.css
ERR: 无法加载模块:Public

[ 2017-09-20T19:13:53+08:00 ] ::1 /thinkphp3.2.3/Public/Home/js/zh-CN.js
ERR: 无法加载模块:Public

[ 2017-09-20T19:13:53+08:00 ] ::1 /thinkphp3.2.3/Public/Home/js/themes/default/default.css
ERR: 无法加载模块:Public

[ 2017-09-20T19:13:56+08:00 ] ::1 /thinkphp3.2.3/Public/Home/js/plugins/image/images/refresh.png
ERR: 无法加载模块:Public

[ 2017-09-20T19:13:56+08:00 ] ::1 /thinkphp3.2.3/Public/Home/js/plugins/image/images/align_right.gif
ERR: 无法加载模块:Public

[ 2017-09-20T19:13:56+08:00 ] ::1 /thinkphp3.2.3/Public/Home/js/plugins/image/images/align_top.gif
ERR: 无法加载模块:Public


[ 2017-09-20T19:14:39+08:00 ] ::1 /thinkphp3.2.3/Public/Home/js/zh-CN.js
ERR: 无法加载模块:Public

[ 2017-09-20T19:14:40+08:00 ] ::1 /thinkphp3.2.3/Public/Home/js/themes/default/default.css
ERR: 无法加载模块:Public

[ 2017-09-20T19:14:42+08:00 ] ::1 /thinkphp3.2.3/Public/Home/js/plugins/image/images/align_left.gif
ERR: 无法加载模块:Public

[ 2017-09-20T19:14:42+08:00 ] ::1 /thinkphp3.2.3/Public/Home/js/plugins/image/images/align_top.gif
ERR: 无法加载模块:Public

[ 2017-09-20T19:14:42+08:00 ] ::1 /thinkphp3.2.3/Public/Home/js/plugins/image/images/refresh.png
ERR: 无法加载模块:Public

[ 2017-09-20T19:14:42+08:00 ] ::1 /thinkphp3.2.3/Public/Home/js/plugins/image/images/align_right.gif
ERR: 无法加载模块:Public

[ 2017-09-20T19:21:30+08:00 ] ::1 /thinkphp3.2.3/Public/Home/js/zh-CN.js
ERR: 无法加载模块:Public

[ 2017-09-20T19:21:30+08:00 ] ::1 /thinkphp3.2.3/Public/Home/js/themes/default/default.css
ERR: 无法加载模块:Public

[ 2017-09-20T19:21:32+08:00 ] ::1 /thinkphp3.2.3/Public/Home/js/plugins/image/images/align_top.gif
ERR: 无法加载模块:Public

[ 2017-09-20T19:21:32+08:00 ] ::1 /thinkphp3.2.3/Public/Home/js/plugins/image/images/align_right.gif
ERR: 无法加载模块:Public

[ 2017-09-20T19:21:32+08:00 ] ::1 /thinkphp3.2.3/Public/Home/js/plugins/image/images/refresh.png
ERR: 无法加载模块:Public

[ 2017-09-20T19:21:32+08:00 ] ::1 /thinkphp3.2.3/Public/Home/js/plugins/image/images/align_left.gif
ERR: 无法加载模块:Public

[ 2017-09-20T19:22:43+08:00 ] ::1 /thinkphp3.2.3/Public/Home/js/plugins/image/images/align_right.gif
ERR: 无法加载模块:Public

[ 2017-09-20T19:22:43+08:00 ] ::1 /thinkphp3.2.3/Public/Home/js/plugins/image/images/refresh.png
ERR: 无法加载模块:Public

[ 2017-09-20T19:22:43+08:00 ] ::1 /thinkphp3.2.3/Public/Home/js/plugins/image/images/align_top.gif
ERR: 无法加载模块:Public


[ 2017-09-20T19:33:31+08:00 ] ::1 /thinkphp3.2.3/Public/Home/js/plugins/image/images/align_right.gif
ERR: 无法加载模块:Public

[ 2017-09-20T19:33:31+08:00 ] ::1 /thinkphp3.2.3/Public/Home/js/plugins/image/images/align_left.gif
ERR: 无法加载模块:Public

[ 2017-09-20T19:33:31+08:00 ] ::1 /thinkphp3.2.3/Public/Home/js/plugins/image/images/align_top.gif
ERR: 无法加载模块:Public

[ 2017-09-20T19:33:31+08:00 ] ::1 /thinkphp3.2.3/Public/Home/js/plugins/image/images/refresh.png
ERR: 无法加载模块:Public

[ 2017-09-20T19:33:51+08:00 ] ::1 /thinkphp3.2.3/Public/Home/js/plugins/image/images/refresh.png
ERR: 无法加载模块:Public

[ 2017-09-20T19:33:51+08:00 ] ::1 /thinkphp3.2.3/Public/Home/js/plugins/image/images/align_right.gif
ERR: 无法加载模块:Public

[ 2017-09-20T19:34:46+08:00 ] ::1 /thinkphp3.2.3/Public/Home/js/zh-CN.js
ERR: 无法加载模块:Public

[ 2017-09-20T19:34:46+08:00 ] ::1 /thinkphp3.2.3/Public/Home/js/themes/default/default.css
ERR: 无法加载模块:Public

[ 2017-09-20T19:36:16+08:00 ] ::1 /thinkphp3.2.3/Public/Home/imgs/pull_up.png
ERR: 无法加载模块:Public

[ 2017-09-20T19:36:16+08:00 ] ::1 /thinkphp3.2.3/Public/Home/imgs/telephone.png
ERR: 无法加载模块:Public

[ 2017-09-20T19:37:27+08:00 ] ::1 /thinkphp3.2.3/Public/Home/imgs/pull_up.png
ERR: 无法加载模块:Public

[ 2017-09-20T19:37:27+08:00 ] ::1 /thinkphp3.2.3/Public/Home/imgs/telephone.png
ERR: 无法加载模块:Public

[ 2017-09-20T19:37:31+08:00 ] ::1 /thinkphp3.2.3/Public/Home/imgs/telephone.png
ERR: 无法加载模块:Public

[ 2017-09-20T19:37:31+08:00 ] ::1 /thinkphp3.2.3/Public/Home/imgs/pull_up.png
ERR: 无法加载模块:Public

[ 2017-09-20T19:38:41+08:00 ] ::1 /thinkphp3.2.3/Public/Home/imgs/hofu.jpg
ERR: 无法加载模块:Public

[ 2017-09-20T19:38:41+08:00 ] ::1 /thinkphp3.2.3/Public/Home/imgs/pull_up.png
ERR: 无法加载模块:Public

[ 2017-09-20T19:38:41+08:00 ] ::1 /thinkphp3.2.3/Public/Home/imgs/amiba-book.jpg
ERR: 无法加载模块:Public

[ 2017-09-20T19:38:42+08:00 ] ::1 /thinkphp3.2.3/Public/Home/imgs/telephone.png
ERR: 无法加载模块:Public

[ 2017-09-20T19:38:42+08:00 ] ::1 /thinkphp3.2.3/Public/Home/imgs/pull_up.png
ERR: 无法加载模块:Public

[ 2017-09-20T19:38:43+08:00 ] ::1 /thinkphp3.2.3/Public/Home/imgs/telephone.png
ERR: 无法加载模块:Public

[ 2017-09-20T19:38:43+08:00 ] ::1 /thinkphp3.2.3/Public/Home/imgs/pull_up.png
ERR: 无法加载模块:Public

[ 2017-09-20T19:38:44+08:00 ] ::1 /thinkphp3.2.3/Public/Home/imgs/hofu.jpg
ERR: 无法加载模块:Public

[ 2017-09-20T19:38:44+08:00 ] ::1 /thinkphp3.2.3/Public/Home/imgs/pull_up.png
ERR: 无法加载模块:Public

[ 2017-09-20T19:38:44+08:00 ] ::1 /thinkphp3.2.3/Public/Home/imgs/amiba-book.jpg
ERR: 无法加载模块:Public

[ 2017-09-20T19:55:11+08:00 ] ::1 /thinkphp3.2.3/Public/Home/js/zh-CN.js
ERR: 无法加载模块:Public

[ 2017-09-20T19:55:12+08:00 ] ::1 /thinkphp3.2.3/Public/Home/js/themes/default/default.css
ERR: 无法加载模块:Public

[ 2017-09-20T19:56:02+08:00 ] ::1 /thinkphp3.2.3/Public/Home/js/zh-CN.js
ERR: 无法加载模块:Public

[ 2017-09-20T19:56:02+08:00 ] ::1 /thinkphp3.2.3/Public/Home/js/themes/default/default.css
ERR: 无法加载模块:Public

[ 2017-09-20T19:56:11+08:00 ] ::1 /thinkphp3.2.3/Public/Home/js/zh-CN.js
ERR: 无法加载模块:Public

[ 2017-09-20T19:56:28+08:00 ] ::1 /thinkphp3.2.3/Public/Home/js/zh-CN.js
ERR: 无法加载模块:Public

[ 2017-09-20T19:56:28+08:00 ] ::1 /thinkphp3.2.3/Public/Home/js/themes/default/default.css
ERR: 无法加载模块:Public

[ 2017-09-20T19:56:38+08:00 ] ::1 /thinkphp3.2.3/Public/Home/js/zh-CN.js
ERR: 无法加载模块:Public

[ 2017-09-20T19:56:38+08:00 ] ::1 /thinkphp3.2.3/Public/Home/js/themes/default/default.css
ERR: 无法加载模块:Public

[ 2017-09-20T19:56:47+08:00 ] ::1 /thinkphp3.2.3/Public/Home/js/zh-CN.js
ERR: 无法加载模块:Public

[ 2017-09-20T19:56:47+08:00 ] ::1 /thinkphp3.2.3/Public/Home/js/themes/default/default.css
ERR: 无法加载模块:Public

[ 2017-09-20T19:56:57+08:00 ] ::1 /thinkphp3.2.3/Public/Home/js/zh-CN.js
ERR: 无法加载模块:Public

[ 2017-09-20T19:56:57+08:00 ] ::1 /thinkphp3.2.3/Public/Home/js/themes/default/default.css
ERR: 无法加载模块:Public

[ 2017-09-20T19:57:06+08:00 ] ::1 /thinkphp3.2.3/Public/Home/js/zh-CN.js
ERR: 无法加载模块:Public

[ 2017-09-20T19:57:06+08:00 ] ::1 /thinkphp3.2.3/Public/Home/js/themes/default/default.css
ERR: 无法加载模块:Public

[ 2017-09-20T19:57:21+08:00 ] ::1 /thinkphp3.2.3/Public/Home/js/zh-CN.js
ERR: 无法加载模块:Public

[ 2017-09-20T19:57:21+08:00 ] ::1 /thinkphp3.2.3/Public/Home/js/themes/default/default.css
ERR: 无法加载模块:Public

[ 2017-09-20T19:57:34+08:00 ] ::1 /thinkphp3.2.3/Public/Home/js/zh-CN.js
ERR: 无法加载模块:Public

[ 2017-09-20T19:57:34+08:00 ] ::1 /thinkphp3.2.3/Public/Home/js/themes/default/default.css
ERR: 无法加载模块:Public

[ 2017-09-20T19:57:45+08:00 ] ::1 /thinkphp3.2.3/Public/Home/js/zh-CN.js
ERR: 无法加载模块:Public

[ 2017-09-20T19:57:45+08:00 ] ::1 /thinkphp3.2.3/Public/Home/js/themes/default/default.css
ERR: 无法加载模块:Public

[ 2017-09-20T20:00:53+08:00 ] ::1 /thinkphp3.2.3/Public/Home/js/zh-CN.js
ERR: 无法加载模块:Public

[ 2017-09-20T20:00:54+08:00 ] ::1 /thinkphp3.2.3/Public/Home/js/themes/default/default.css
ERR: 无法加载模块:Public

[ 2017-09-20T20:01:10+08:00 ] ::1 /thinkphp3.2.3/Public/Home/js/zh-CN.js
ERR: 无法加载模块:Public

[ 2017-09-20T20:01:10+08:00 ] ::1 /thinkphp3.2.3/Public/Home/js/themes/default/default.css
ERR: 无法加载模块:Public

[ 2017-09-20T20:01:27+08:00 ] ::1 /thinkphp3.2.3/Public/Home/js/zh-CN.js
ERR: 无法加载模块:Public

[ 2017-09-20T20:01:27+08:00 ] ::1 /thinkphp3.2.3/Public/Home/js/themes/default/default.css
ERR: 无法加载模块:Public

[ 2017-09-20T20:11:31+08:00 ] ::1 /thinkphp3.2.3/Public/Home/js/zh-CN.js
ERR: 无法加载模块:Public

[ 2017-09-20T20:11:32+08:00 ] ::1 /thinkphp3.2.3/Public/Home/js/themes/default/default.css
ERR: 无法加载模块:Public

