[ 2017-09-27T09:29:24+08:00 ] ::1 /assets/image/discover.png
ERR: 无法加载模块:Assets

[ 2017-09-27T09:29:25+08:00 ] ::1 /favicon.ico
ERR: 无法加载模块:Favicon

[ 2017-09-27T15:55:22+08:00 ] ::1 /Public/Home/imgs/hofu1.jpg
ERR: 无法加载模块:Public

[ 2017-09-27T15:55:33+08:00 ] ::1 /Public/Home/imgs/hofu1.png
ERR: 无法加载模块:Public

[ 2017-09-27T15:56:45+08:00 ] ::1 /Public/Home/imgs/hofu1.png
ERR: 无法加载模块:Public

[ 2017-09-27T15:57:19+08:00 ] ::1 /Public/Home/imgs/hofu1.jpg
ERR: 无法加载模块:Public

[ 2017-09-27T16:05:37+08:00 ] ::1 /Public/Upload/2017-09-22/amibajingying.jpg
ERR: 无法加载模块:Public

[ 2017-09-27T16:05:42+08:00 ] ::1 /Public/Upload/2017-09-22/amibajingying.jpg
ERR: 无法加载模块:Public

[ 2017-09-27T16:05:46+08:00 ] ::1 /Public/Upload/2017-09-22/amibajingying.jpg
ERR: 无法加载模块:Public

[ 2017-09-27T16:05:53+08:00 ] ::1 /Public/Upload/2017-09-22/amibajingying.jpg
ERR: 无法加载模块:Public

[ 2017-09-27T16:06:01+08:00 ] ::1 /Public/Upload/2017-09-22/amibajingying.jpg
ERR: 无法加载模块:Public

[ 2017-09-27T16:06:01+08:00 ] ::1 /Public/Upload/2017-09-22/amibajingying.jpg
ERR: 无法加载模块:Public

[ 2017-09-27T16:06:01+08:00 ] ::1 /Public/Upload/2017-09-22/amibajingying.jpg
ERR: 无法加载模块:Public

[ 2017-09-27T16:06:10+08:00 ] ::1 /Public/Upload/2017-09-22/amibajingying.jpg
ERR: 无法加载模块:Public

[ 2017-09-27T16:06:13+08:00 ] ::1 /Public/Upload/2017-09-22/amibajingying.jpg
ERR: 无法加载模块:Public

[ 2017-09-27T16:06:15+08:00 ] ::1 /Public/Upload/2017-09-22/amibajingying.jpg
ERR: 无法加载模块:Public

[ 2017-09-27T16:06:17+08:00 ] ::1 /Public/Upload/2017-09-22/amibajingying.jpg
ERR: 无法加载模块:Public

[ 2017-09-27T16:06:18+08:00 ] ::1 /Public/Upload/2017-09-22/amibajingying.jpg
ERR: 无法加载模块:Public

[ 2017-09-27T16:06:25+08:00 ] ::1 /Public/Upload/2017-09-22/amibajingying.jpg
ERR: 无法加载模块:Public

[ 2017-09-27T16:06:29+08:00 ] ::1 /Public/Upload/2017-09-22/amibajingying.jpg
ERR: 无法加载模块:Public

[ 2017-09-27T16:06:31+08:00 ] ::1 /Public/Upload/2017-09-22/amibajingying.jpg
ERR: 无法加载模块:Public

[ 2017-09-27T16:06:32+08:00 ] ::1 /Public/Upload/2017-09-22/amibajingying.jpg
ERR: 无法加载模块:Public

