[ 2017-09-21T08:49:03+08:00 ] ::1 /amiba/Public/Home/js/zh-CN.js
ERR: 无法加载模块:Public

[ 2017-09-21T08:49:03+08:00 ] ::1 /amiba/Public/Home/js/zh-CN.js
ERR: 无法加载模块:Public

[ 2017-09-21T08:49:03+08:00 ] ::1 /amiba/Public/Home/js/themes/default/default.css
ERR: 无法加载模块:Public

[ 2017-09-21T08:49:37+08:00 ] ::1 /amiba/Public/Home/js/plugins/image/images/refresh.png
ERR: 无法加载模块:Public

[ 2017-09-21T08:49:37+08:00 ] ::1 /amiba/Public/Home/js/plugins/image/images/align_right.gif
ERR: 无法加载模块:Public

[ 2017-09-21T08:49:37+08:00 ] ::1 /amiba/Public/Home/js/plugins/image/images/align_left.gif
ERR: 无法加载模块:Public

[ 2017-09-21T08:49:37+08:00 ] ::1 /amiba/Public/Home/js/plugins/image/images/align_top.gif
ERR: 无法加载模块:Public

[ 2017-09-21T09:02:18+08:00 ] ::1 /amiba/Public/Home/js/zh-CN.js
ERR: 无法加载模块:Public

[ 2017-09-21T09:02:18+08:00 ] ::1 /amiba/Public/Home/js/themes/default/default.css
ERR: 无法加载模块:Public

[ 2017-09-21T09:08:43+08:00 ] ::1 /amiba/Public/Home/js/zh-CN.js
ERR: 无法加载模块:Public

[ 2017-09-21T09:08:43+08:00 ] ::1 /amiba/Public/Home/js/zh-CN.js
ERR: 无法加载模块:Public

[ 2017-09-21T09:14:42+08:00 ] ::1 /amiba/Public/Home/js/zh-CN.js
ERR: 无法加载模块:Public

[ 2017-09-21T09:14:42+08:00 ] ::1 /amiba/Public/Home/js/zh-CN.js
ERR: 无法加载模块:Public

[ 2017-09-21T09:14:44+08:00 ] ::1 /amiba/Public/Home/js/zh-CN.js
ERR: 无法加载模块:Public

[ 2017-09-21T10:34:30+08:00 ] ::1 /amiba/Public/Home/js/zh-CN.js
ERR: 无法加载模块:Public

[ 2017-09-21T10:34:31+08:00 ] ::1 /amiba/Public/Home/js/zh-CN.js
ERR: 无法加载模块:Public

[ 2017-09-21T10:34:31+08:00 ] ::1 /amiba/Public/Home/js/themes/default/default.css
ERR: 无法加载模块:Public

[ 2017-09-21T10:34:35+08:00 ] ::1 /amiba/Public/Home/js/plugins/image/images/align_right.gif
ERR: 无法加载模块:Public

[ 2017-09-21T10:34:35+08:00 ] ::1 /amiba/Public/Home/js/plugins/image/images/align_left.gif
ERR: 无法加载模块:Public

[ 2017-09-21T10:34:35+08:00 ] ::1 /amiba/Public/Home/js/plugins/image/images/refresh.png
ERR: 无法加载模块:Public

[ 2017-09-21T10:34:35+08:00 ] ::1 /amiba/Public/Home/js/plugins/image/images/align_top.gif
ERR: 无法加载模块:Public

[ 2017-09-21T10:34:56+08:00 ] ::1 /amiba/Public/Home/js/plugins/image/images/align_top.gif
ERR: 无法加载模块:Public

[ 2017-09-21T10:34:56+08:00 ] ::1 /amiba/Public/Home/js/plugins/image/images/align_right.gif
ERR: 无法加载模块:Public

[ 2017-09-21T10:34:56+08:00 ] ::1 /amiba/Public/Home/js/plugins/image/images/align_left.gif
ERR: 无法加载模块:Public

[ 2017-09-21T10:35:20+08:00 ] ::1 /amiba/Public/Home/js/plugins/image/images/align_right.gif
ERR: 无法加载模块:Public

[ 2017-09-21T10:35:20+08:00 ] ::1 /amiba/Public/Home/js/plugins/image/images/refresh.png
ERR: 无法加载模块:Public

[ 2017-09-21T10:35:20+08:00 ] ::1 /amiba/Public/Home/js/plugins/image/images/align_left.gif
ERR: 无法加载模块:Public

[ 2017-09-21T10:36:05+08:00 ] ::1 /amiba/Public/Home/js/plugins/image/images/refresh.png
ERR: 无法加载模块:Public

[ 2017-09-21T10:36:05+08:00 ] ::1 /amiba/Public/Home/js/plugins/image/images/align_left.gif
ERR: 无法加载模块:Public

[ 2017-09-21T10:36:05+08:00 ] ::1 /amiba/Public/Home/js/plugins/image/images/align_right.gif
ERR: 无法加载模块:Public

[ 2017-09-21T10:36:05+08:00 ] ::1 /amiba/Public/Home/js/plugins/image/images/align_top.gif
ERR: 无法加载模块:Public

[ 2017-09-21T10:36:17+08:00 ] ::1 /amiba/Public/Home/js/plugins/image/images/align_top.gif
ERR: 无法加载模块:Public

[ 2017-09-21T10:36:17+08:00 ] ::1 /amiba/Public/Home/js/plugins/image/images/refresh.png
ERR: 无法加载模块:Public



[ 2017-09-21T10:36:17+08:00 ] ::1 /amiba/Public/Home/js/plugins/image/images/align_right.gif
ERR: 无法加载模块:Public

[ 2017-09-21T10:36:21+08:00 ] ::1 /amiba/Public/Home/js/plugins/image/images/align_left.gif
ERR: 无法加载模块:Public

[ 2017-09-21T10:36:21+08:00 ] ::1 /amiba/Public/Home/js/plugins/image/images/refresh.png
ERR: 无法加载模块:Public

[ 2017-09-21T10:36:21+08:00 ] ::1 /amiba/Public/Home/js/plugins/image/images/align_right.gif
ERR: 无法加载模块:Public

[ 2017-09-21T10:36:54+08:00 ] ::1 /amiba/Public/Home/js/zh-CN.js
ERR: 无法加载模块:Public

[ 2017-09-21T10:36:54+08:00 ] ::1 /amiba/Public/Home/js/themes/default/default.css
ERR: 无法加载模块:Public

[ 2017-09-21T10:37:08+08:00 ] ::1 /amiba/Public/Home/js/zh-CN.js
ERR: 无法加载模块:Public

[ 2017-09-21T10:37:09+08:00 ] ::1 /amiba/Public/Home/js/themes/default/default.css
ERR: 无法加载模块:Public

[ 2017-09-21T10:37:47+08:00 ] ::1 /amiba/Public/Home/js/plugins/image/images/align_top.gif
ERR: 无法加载模块:Public

[ 2017-09-21T10:37:47+08:00 ] ::1 /amiba/Public/Home/js/plugins/image/images/refresh.png
ERR: 无法加载模块:Public

[ 2017-09-21T10:37:47+08:00 ] ::1 /amiba/Public/Home/js/plugins/image/images/align_left.gif
ERR: 无法加载模块:Public


[ 2017-09-21T10:41:00+08:00 ] ::1 /amiba/Public/Home/js/zh-CN.js
ERR: 无法加载模块:Public

[ 2017-09-21T10:41:01+08:00 ] ::1 /amiba/Public/Home/js/themes/default/default.css
ERR: 无法加载模块:Public

[ 2017-09-21T10:41:06+08:00 ] ::1 /amiba/Public/Home/js/plugins/image/images/align_right.gif
ERR: 无法加载模块:Public

[ 2017-09-21T10:41:06+08:00 ] ::1 /amiba/Public/Home/js/plugins/image/images/align_top.gif
ERR: 无法加载模块:Public


[ 2017-09-21T10:41:06+08:00 ] ::1 /amiba/Public/Home/js/plugins/image/images/refresh.png
ERR: 无法加载模块:Public

[ 2017-09-21T20:04:56+08:00 ] ::1 /amiba/Public/Home/js/zh-CN.js
ERR: 无法加载模块:Public

[ 2017-09-21T20:04:56+08:00 ] ::1 /amiba/Public/Home/js/zh-CN.js
ERR: 无法加载模块:Public

[ 2017-09-21T20:04:56+08:00 ] ::1 /amiba/Public/Home/js/themes/default/default.css
ERR: 无法加载模块:Public

[ 2017-09-21T20:05:01+08:00 ] ::1 /amiba/Public/Home/js/zh-CN.js
ERR: 无法加载模块:Public

[ 2017-09-21T20:05:01+08:00 ] ::1 /amiba/Public/Home/js/themes/default/default.css
ERR: 无法加载模块:Public

[ 2017-09-21T20:05:08+08:00 ] ::1 /amiba/Public/Home/js/themes/default/default.css
ERR: 无法加载模块:Public

[ 2017-09-21T20:06:04+08:00 ] ::1 /amiba/Public/Home/js/zh-CN.js
ERR: 无法加载模块:Public

[ 2017-09-21T20:09:23+08:00 ] ::1 /amiba/Public/Home/js/zh-CN.js
ERR: 无法加载模块:Public

[ 2017-09-21T20:09:23+08:00 ] ::1 /amiba/Public/Home/js/themes/default/default.css
ERR: 无法加载模块:Public

[ 2017-09-21T20:10:24+08:00 ] ::1 /amiba/Public/Home/js/zh-CN.js
ERR: 无法加载模块:Public

[ 2017-09-21T20:10:25+08:00 ] ::1 /amiba/Public/Home/js/themes/default/default.css
ERR: 无法加载模块:Public

[ 2017-09-21T20:13:01+08:00 ] ::1 /amiba/Public/Home/js/zh-CN.js
ERR: 无法加载模块:Public

[ 2017-09-21T20:13:01+08:00 ] ::1 /amiba/Public/Home/js/themes/default/default.css
ERR: 无法加载模块:Public

[ 2017-09-21T20:13:10+08:00 ] ::1 /amiba/Public/Home/js/zh-CN.js
ERR: 无法加载模块:Public

[ 2017-09-21T20:13:10+08:00 ] ::1 /amiba/Public/Home/js/themes/default/default.css
ERR: 无法加载模块:Public

[ 2017-09-21T20:13:32+08:00 ] ::1 /amiba/Public/Home/js/zh-CN.js
ERR: 无法加载模块:Public

[ 2017-09-21T20:13:33+08:00 ] ::1 /amiba/Public/Home/js/themes/default/default.css
ERR: 无法加载模块:Public

[ 2017-09-21T20:13:37+08:00 ] ::1 /amiba/Public/Home/js/zh-CN.js
ERR: 无法加载模块:Public

[ 2017-09-21T20:13:38+08:00 ] ::1 /amiba/Public/Home/js/themes/default/default.css
ERR: 无法加载模块:Public

[ 2017-09-21T20:14:11+08:00 ] ::1 /amiba/Public/Home/js/zh-CN.js
ERR: 无法加载模块:Public

[ 2017-09-21T20:14:11+08:00 ] ::1 /amiba/Public/Home/js/themes/default/default.css
ERR: 无法加载模块:Public

[ 2017-09-21T20:17:22+08:00 ] ::1 /amiba/Public/Home/js/themes/default/default.css
ERR: 无法加载模块:Public

[ 2017-09-21T20:17:28+08:00 ] ::1 /amiba/Public/Home/js/zh-CN.js
ERR: 无法加载模块:Public

[ 2017-09-21T20:17:28+08:00 ] ::1 /amiba/Public/Home/js/themes/default/default.css
ERR: 无法加载模块:Public

[ 2017-09-21T20:30:04+08:00 ] ::1 /amiba/Public/Home/js/zh-CN.js
ERR: 无法加载模块:Public

[ 2017-09-21T20:30:04+08:00 ] ::1 /amiba/Public/Home/js/themes/default/default.css
ERR: 无法加载模块:Public

[ 2017-09-21T20:34:15+08:00 ] ::1 /amiba/Public/Home/js/zh-CN.js
ERR: 无法加载模块:Public

[ 2017-09-21T20:34:15+08:00 ] ::1 /amiba/Public/Home/js/themes/default/default.css
ERR: 无法加载模块:Public

[ 2017-09-21T20:36:46+08:00 ] ::1 /amiba/Public/Home/js/zh-CN.js
ERR: 无法加载模块:Public

[ 2017-09-21T20:36:46+08:00 ] ::1 /amiba/Public/Home/js/themes/default/default.css
ERR: 无法加载模块:Public

[ 2017-09-21T20:37:56+08:00 ] ::1 /amiba/Public/Home/js/zh-CN.js
ERR: 无法加载模块:Public

[ 2017-09-21T20:37:57+08:00 ] ::1 /amiba/Public/Home/js/themes/default/default.css
ERR: 无法加载模块:Public

[ 2017-09-21T20:38:07+08:00 ] ::1 /amiba/Public/Home/js/zh-CN.js
ERR: 无法加载模块:Public

[ 2017-09-21T20:38:07+08:00 ] ::1 /amiba/Public/Home/js/themes/default/default.css
ERR: 无法加载模块:Public

[ 2017-09-21T20:47:48+08:00 ] ::1 /amiba/Public/Home/js/zh-CN.js
ERR: 无法加载模块:Public

[ 2017-09-21T20:47:49+08:00 ] ::1 /amiba/Public/Home/js/zh-CN.js
ERR: 无法加载模块:Public

[ 2017-09-21T20:47:49+08:00 ] ::1 /amiba/Public/Home/js/themes/default/default.css
ERR: 无法加载模块:Public

[ 2017-09-21T20:47:51+08:00 ] ::1 /amiba/Public/Home/js/zh-CN.js
ERR: 无法加载模块:Public

[ 2017-09-21T20:47:52+08:00 ] ::1 /amiba/Public/Home/js/themes/default/default.css
ERR: 无法加载模块:Public

[ 2017-09-21T20:48:30+08:00 ] ::1 /amiba/Public/Home/js/zh-CN.js
ERR: 无法加载模块:Public

[ 2017-09-21T20:48:30+08:00 ] ::1 /amiba/Public/Home/js/themes/default/default.css
ERR: 无法加载模块:Public

[ 2017-09-21T20:53:08+08:00 ] ::1 /amiba/Public/Home/js/zh-CN.js
ERR: 无法加载模块:Public

[ 2017-09-21T20:53:09+08:00 ] ::1 /amiba/Public/Home/js/themes/default/default.css
ERR: 无法加载模块:Public

[ 2017-09-21T20:54:23+08:00 ] ::1 /amiba/Public/Home/js/zh-CN.js
ERR: 无法加载模块:Public

[ 2017-09-21T20:54:24+08:00 ] ::1 /amiba/Public/Home/js/themes/default/default.css
ERR: 无法加载模块:Public

[ 2017-09-21T20:54:33+08:00 ] ::1 /amiba/Public/Home/js/zh-CN.js
ERR: 无法加载模块:Public

[ 2017-09-21T20:54:34+08:00 ] ::1 /amiba/Public/Home/js/themes/default/default.css
ERR: 无法加载模块:Public

[ 2017-09-21T20:55:30+08:00 ] ::1 /amiba/Public/Home/js/zh-CN.js
ERR: 无法加载模块:Public

[ 2017-09-21T20:55:31+08:00 ] ::1 /amiba/Public/Home/js/themes/default/default.css
ERR: 无法加载模块:Public

[ 2017-09-21T20:55:52+08:00 ] ::1 /amiba/Public/Home/js/zh-CN.js
ERR: 无法加载模块:Public

[ 2017-09-21T20:55:53+08:00 ] ::1 /amiba/Public/Home/js/themes/default/default.css
ERR: 无法加载模块:Public

[ 2017-09-21T20:59:28+08:00 ] ::1 /amiba/Public/Home/js/themes/default/default.css
ERR: 无法加载模块:Public

[ 2017-09-21T20:59:31+08:00 ] ::1 /amiba/Public/Home/js/zh-CN.js
ERR: 无法加载模块:Public

[ 2017-09-21T20:59:31+08:00 ] ::1 /amiba/Public/Home/js/themes/default/default.css
ERR: 无法加载模块:Public

[ 2017-09-21T20:59:48+08:00 ] ::1 /amiba/Public/Home/js/zh-CN.js
ERR: 无法加载模块:Public

[ 2017-09-21T20:59:48+08:00 ] ::1 /amiba/Public/Home/js/themes/default/default.css
ERR: 无法加载模块:Public

[ 2017-09-21T21:00:03+08:00 ] ::1 /amiba/Public/Home/js/zh-CN.js
ERR: 无法加载模块:Public

[ 2017-09-21T21:00:03+08:00 ] ::1 /amiba/Public/Home/js/themes/default/default.css
ERR: 无法加载模块:Public

[ 2017-09-21T21:05:02+08:00 ] ::1 /amiba/Public/Home/js/zh-CN.js
ERR: 无法加载模块:Public

[ 2017-09-21T21:05:02+08:00 ] ::1 /amiba/Public/Home/js/themes/default/default.css
ERR: 无法加载模块:Public

[ 2017-09-21T21:08:31+08:00 ] ::1 /amiba/Public/Home/js/zh-CN.js
ERR: 无法加载模块:Public

[ 2017-09-21T21:08:31+08:00 ] ::1 /amiba/Public/Home/js/themes/default/default.css
ERR: 无法加载模块:Public

[ 2017-09-21T21:08:35+08:00 ] ::1 /amiba/Public/Home/js/zh-CN.js
ERR: 无法加载模块:Public

[ 2017-09-21T21:08:35+08:00 ] ::1 /amiba/Public/Home/js/themes/default/default.css
ERR: 无法加载模块:Public

[ 2017-09-21T21:08:51+08:00 ] ::1 /amiba/Public/Home/js/zh-CN.js
ERR: 无法加载模块:Public

[ 2017-09-21T21:08:52+08:00 ] ::1 /amiba/Public/Home/js/themes/default/default.css
ERR: 无法加载模块:Public

[ 2017-09-21T21:09:07+08:00 ] ::1 /amiba/Public/Home/js/zh-CN.js
ERR: 无法加载模块:Public

[ 2017-09-21T21:09:07+08:00 ] ::1 /amiba/Public/Home/js/themes/default/default.css
ERR: 无法加载模块:Public

[ 2017-09-21T21:09:28+08:00 ] ::1 /amiba/Public/Home/js/zh-CN.js
ERR: 无法加载模块:Public

[ 2017-09-21T21:09:28+08:00 ] ::1 /amiba/Public/Home/js/themes/default/default.css
ERR: 无法加载模块:Public

[ 2017-09-21T21:09:52+08:00 ] ::1 /amiba/Public/Home/js/zh-CN.js
ERR: 无法加载模块:Public

[ 2017-09-21T21:09:52+08:00 ] ::1 /amiba/Public/Home/js/themes/default/default.css
ERR: 无法加载模块:Public

[ 2017-09-21T21:09:53+08:00 ] ::1 /amiba/Public/Home/js/zh-CN.js
ERR: 无法加载模块:Public

[ 2017-09-21T21:09:54+08:00 ] ::1 /amiba/Public/Home/js/themes/default/default.css
ERR: 无法加载模块:Public

[ 2017-09-21T21:10:17+08:00 ] ::1 /amiba/Public/Home/js/zh-CN.js
ERR: 无法加载模块:Public

[ 2017-09-21T21:10:17+08:00 ] ::1 /amiba/Public/Home/js/themes/default/default.css
ERR: 无法加载模块:Public

[ 2017-09-21T21:10:22+08:00 ] ::1 /amiba/Public/Home/js/themes/default/default.css
ERR: 无法加载模块:Public

[ 2017-09-21T21:12:20+08:00 ] ::1 /amiba/Public/Home/js/themes/default/default.css
ERR: 无法加载模块:Public

[ 2017-09-21T21:13:55+08:00 ] ::1 /amiba/Public/Home/js/themes/default/default.css
ERR: 无法加载模块:Public

[ 2017-09-21T21:14:00+08:00 ] ::1 /amiba/Public/Home/js/themes/default/default.css
ERR: 无法加载模块:Public

[ 2017-09-21T21:14:27+08:00 ] ::1 /amiba/Public/Home/js/themes/default/default.css
ERR: 无法加载模块:Public

[ 2017-09-21T21:15:06+08:00 ] ::1 /amiba/Public/Home/js/themes/default/default.css
ERR: 无法加载模块:Public

[ 2017-09-21T21:15:14+08:00 ] ::1 /amiba/Public/Home/js/themes/default/default.css
ERR: 无法加载模块:Public

[ 2017-09-21T21:15:25+08:00 ] ::1 /amiba/Public/Home/js/themes/default/default.css
ERR: 无法加载模块:Public

