<<<<<<< HEAD
[ 2017-09-28T00:57:48+08:00 ] ::1 /assets/image/discover.png
ERR: 无法加载模块:Assets

[ 2017-09-28T00:57:49+08:00 ] ::1 /favicon.ico
ERR: 无法加载模块:Favicon

[ 2017-09-28T23:17:59+08:00 ] ::1 /assets/image/discover.png
ERR: 无法加载模块:Assets

[ 2017-09-28T23:18:01+08:00 ] ::1 /favicon.ico
ERR: 无法加载模块:Favicon

=======
[ 2017-09-28T08:36:27+08:00 ] ::1 /assets/image/discover.png
ERR: 无法加载模块:Assets

[ 2017-09-28T08:36:28+08:00 ] ::1 /favicon.ico
ERR: 无法加载模块:Favicon

[ 2017-09-28T09:11:28+08:00 ] ::1 /assets/image/discover.png
ERR: 无法加载模块:Assets

[ 2017-09-28T09:11:52+08:00 ] ::1 /Public/Home/js/themes/default/default.css
ERR: 无法加载模块:Public

[ 2017-09-28T14:17:51+08:00 ] ::1 /assets/image/discover.png
ERR: 无法加载模块:Assets

[ 2017-09-28T14:17:52+08:00 ] ::1 /favicon.ico
ERR: 无法加载模块:Favicon

[ 2017-09-28T17:22:11+08:00 ] ::1 /Public/Upload/2017-09-22/news-hot_1.png
ERR: 无法加载模块:Public

>>>>>>> 3ccd8beee14aea4940640f6979e2b5109b1649e7
[ 2017-09-28T23:20:34+08:00 ] ::1 /assets/image/discover.png
ERR: 无法加载模块:Assets

[ 2017-09-28T23:39:44+08:00 ] ::1 /assets/image/discover.png
ERR: 无法加载模块:Assets

