[ 2017-09-22T08:47:39+08:00 ] ::1 /amiba/Public/Home/js/themes/default/default.css
ERR: 无法加载模块:Public

[ 2017-09-22T08:48:43+08:00 ] ::1 /amiba/Public/Home/js/themes/default/default.css
ERR: 无法加载模块:Public

[ 2017-09-22T09:08:58+08:00 ] ::1 /amiba/Public/Home/js/themes/default/default.css
ERR: 无法加载模块:Public

[ 2017-09-22T09:37:48+08:00 ] ::1 /favicon.ico
ERR: 无法加载模块:Favicon

[ 2017-09-22T09:39:10+08:00 ] ::1 /assets/image/discover.png
ERR: 无法加载模块:Assets

[ 2017-09-22T09:44:07+08:00 ] ::1 /assets/image/discover.png
ERR: 无法加载模块:Assets

[ 2017-09-22T10:30:39+08:00 ] ::1 /assets/image/discover.png
ERR: 无法加载模块:Assets

[ 2017-09-22T15:29:29+08:00 ] ::1 /assets/image/discover.png
ERR: 无法加载模块:Assets

[ 2017-09-22T15:53:05+08:00 ] ::1 /assets/image/discover.png
ERR: 无法加载模块:Assets

[ 2017-09-22T15:53:19+08:00 ] ::1 /Public/Home/js/themes/default/default.css
ERR: 无法加载模块:Public

[ 2017-09-22T15:53:35+08:00 ] ::1 /Public/Home/js/themes/default/default.css
ERR: 无法加载模块:Public

[ 2017-09-22T16:06:16+08:00 ] ::1 /assets/image/discover.png
ERR: 无法加载模块:Assets

[ 2017-09-22T16:06:31+08:00 ] ::1 /Public/Home/js/themes/default/default.css
ERR: 无法加载模块:Public

[ 2017-09-22T16:11:00+08:00 ] ::1 /Public/Home/js/themes/default/default.css
ERR: 无法加载模块:Public

