[ 2017-09-20T14:54:07+08:00 ] ::1 /Thinkphp3.2.3/admin
INFO: [ app_init ] --START--
INFO: Run Behavior\BuildLiteBehavior [ RunTime:0.000011s ]
INFO: [ app_init ] --END-- [ RunTime:0.000559s ]
INFO: [ app_begin ] --START--
INFO: Run Behavior\ReadHtmlCacheBehavior [ RunTime:0.001047s ]
INFO: [ app_begin ] --END-- [ RunTime:0.001100s ]
NOTIC: [8] Undefined index: islogin C:\ruanjian\phpstudy\WWW\thinkphp3.2.3\Application\Admin\Controller\PublicController.class.php 第 9 行.
INFO: [ view_parse ] --START--
INFO: [ template_filter ] --START--
INFO: Run Behavior\ContentReplaceBehavior [ RunTime:0.000069s ]
INFO: [ template_filter ] --END-- [ RunTime:0.000183s ]
INFO: Run Behavior\ParseTemplateBehavior [ RunTime:0.022527s ]
INFO: [ view_parse ] --END-- [ RunTime:0.022580s ]
INFO: [ view_filter ] --START--
INFO: Run Behavior\WriteHtmlCacheBehavior [ RunTime:0.000977s ]
INFO: [ view_filter ] --END-- [ RunTime:0.001020s ]

[ 2017-09-20T14:54:10+08:00 ] ::1 /thinkphp3.2.3/index.php/Admin/Login/login.html
INFO: [ app_init ] --START--
INFO: Run Behavior\BuildLiteBehavior [ RunTime:0.000011s ]
INFO: [ app_init ] --END-- [ RunTime:0.000394s ]
INFO: [ app_begin ] --START--
INFO: Run Behavior\ReadHtmlCacheBehavior [ RunTime:0.001096s ]
INFO: [ app_begin ] --END-- [ RunTime:0.001144s ]
ERR: 无法加载数据库驱动: Think\Db\Driver\

[ 2017-09-20T14:55:39+08:00 ] ::1 /thinkphp3.2.3/index.php/Admin/Login/assets/js/jquery-2.0.3.min.js
ERR: 非法操作:assets

[ 2017-09-20T16:06:08+08:00 ] ::1 /thinkphp3.2.3/index.php/Admin/Login/assets/js/jquery-2.0.3.min.js
ERR: 非法操作:assets

[ 2017-09-20T17:14:59+08:00 ] ::1 /thinkphp3.2.3/index.php/Admin/Carousel/add
ERR: Think\Model:gererror方法不存在！

[ 2017-09-20T19:14:26+08:00 ] ::1 /thinkphp3.2.3/index.php/Admin/Login/assets/js/jquery-2.0.3.min.js
ERR: 非法操作:assets

