[ 2017-09-21T08:48:38+08:00 ] ::1 /amiba/index.php/Admin/Login/assets/js/jquery-2.0.3.min.js
ERR: 非法操作:assets

[ 2017-09-21T09:08:43+08:00 ] ::1 /amiba/index.php/Admin/Lecturer/dist/summernote.css
ERR: 非法操作:dist

[ 2017-09-21T09:08:43+08:00 ] ::1 /amiba/index.php/Admin/Lecturer/dist/summernote.js
ERR: 非法操作:dist

[ 2017-09-21T09:08:43+08:00 ] ::1 /amiba/index.php/Admin/Lecturer/dist/lang/summernote-zh-CN.js
ERR: 非法操作:dist

[ 2017-09-21T10:21:21+08:00 ] ::1 /amiba/index.php/Admin/Login/assets/js/jquery-2.0.3.min.js
ERR: 非法操作:assets

[ 2017-09-21T10:42:12+08:00 ] ::1 /amiba/index.php/Admin/Login/assets/js/jquery-2.0.3.min.js
ERR: 非法操作:assets

[ 2017-09-21T17:50:16+08:00 ] ::1 /amiba/index.php/Admin/Login/assets/js/jquery-2.0.3.min.js
ERR: 非法操作:assets

[ 2017-09-21T19:13:23+08:00 ] ::1 /amiba/index.php/Admin/Login/assets/js/jquery-2.0.3.min.js
ERR: 非法操作:assets

[ 2017-09-21T19:13:24+08:00 ] ::1 /amiba/index.php/Admin/Login/assets/js/jquery-2.0.3.min.js
ERR: 非法操作:assets

[ 2017-09-21T19:13:37+08:00 ] ::1 /amiba/index.php/Admin/Login/assets/js/jquery-2.0.3.min.js
ERR: 非法操作:assets

[ 2017-09-21T21:14:55+08:00 ] ::1 /amiba/index.php/Admin/Login/assets/js/jquery-2.0.3.min.js
ERR: 非法操作:assets

